<?xml version="1.0" encoding="UTF-8" ?>
<testsuite failures="0" time="0.078" errors="3" skipped="0" tests="3" name="br.com.sanger.servico.funcionarios.impl.AutonomoServiceTest">
  <properties>
[...]
</properties>
  <testcase time="0.026" classname="br.com.sanger.servico.funcionarios.impl.AutonomoServiceTest" name="testSalvar">
    <error message="Exception [EclipseLink-4002] (Eclipse Persistence Services - 2.3.2.v20111125-r10461): org.eclipse.persistence.exceptions.DatabaseException
Internal Exception: java.sql.BatchUpdateException: Table &apos;sanger.endereco&apos; doesn&apos;t exist
Error Code: 1146
Query: ValueReadQuery(name=&quot;SEQ_GEN_IDENTITY&quot; sql=&quot;SELECT LAST_INSERT_ID()&quot;)" type="br.com.sanger.servico.excecoes.ServicoException">br.com.sanger.servico.excecoes.ServicoException: Exception [EclipseLink-4002] (Eclipse Persistence Services - 2.3.2.v20111125-r10461): org.eclipse.persistence.exceptions.DatabaseException
Internal Exception: java.sql.BatchUpdateException: Table &apos;sanger.endereco&apos; doesn&apos;t exist
Error Code: 1146
Query: ValueReadQuery(name=&quot;SEQ_GEN_IDENTITY&quot; sql=&quot;SELECT LAST_INSERT_ID()&quot;)
	at br.com.sanger.servico.funcionarios.impl.AutonomoService.salvar(AutonomoService.java:28)
	at br.com.sanger.servico.funcionarios.impl.AutonomoServiceTest.testSalvar(AutonomoServiceTest.java:31)
	at sun.reflect.NativeMethodAccessorImpl.invoke0(Native Method)
	at sun.reflect.NativeMethodAccessorImpl.invoke(NativeMethodAccessorImpl.java:39)
	at sun.reflect.DelegatingMethodAccessorImpl.invoke(DelegatingMethodAccessorImpl.java:25)
	at java.lang.reflect.Method.invoke(Method.java:597)
	at org.junit.runners.model.FrameworkMethod$1.runReflectiveCall(FrameworkMethod.java:45)
	at org.junit.internal.runners.model.ReflectiveCallable.run(ReflectiveCallable.java:15)
	at org.junit.runners.model.FrameworkMethod.invokeExplosively(FrameworkMethod.java:42)
	at org.junit.internal.runners.statements.InvokeMethod.evaluate(InvokeMethod.java:20)
	at org.junit.runners.ParentRunner.runLeaf(ParentRunner.java:263)
	at org.junit.runners.BlockJUnit4ClassRunner.runChild(BlockJUnit4ClassRunner.java:68)
	at org.junit.runners.BlockJUnit4ClassRunner.runChild(BlockJUnit4ClassRunner.java:47)
	at org.junit.runners.ParentRunner$3.run(ParentRunner.java:231)
	at org.junit.runners.ParentRunner$1.schedule(ParentRunner.java:60)
	at org.junit.runners.ParentRunner.runChildren(ParentRunner.java:229)
	at org.junit.runners.ParentRunner.access$000(ParentRunner.java:50)
	at org.junit.runners.ParentRunner$2.evaluate(ParentRunner.java:222)
	at org.junit.runners.ParentRunner.run(ParentRunner.java:300)
	at org.apache.maven.surefire.junit4.JUnit4TestSet.execute(JUnit4TestSet.java:53)
	at org.apache.maven.surefire.junit4.JUnit4Provider.executeTestSet(JUnit4Provider.java:123)
	at org.apache.maven.surefire.junit4.JUnit4Provider.invoke(JUnit4Provider.java:104)
	at sun.reflect.NativeMethodAccessorImpl.invoke0(Native Method)
	at sun.reflect.NativeMethodAccessorImpl.invoke(NativeMethodAccessorImpl.java:39)
	at sun.reflect.DelegatingMethodAccessorImpl.invoke(DelegatingMethodAccessorImpl.java:25)
	at java.lang.reflect.Method.invoke(Method.java:597)
	at org.apache.maven.surefire.util.ReflectionUtils.invokeMethodWithArray(ReflectionUtils.java:164)
	at org.apache.maven.surefire.booter.ProviderFactory$ProviderProxy.invoke(ProviderFactory.java:110)
	at org.apache.maven.surefire.booter.SurefireStarter.invokeProvider(SurefireStarter.java:175)
	at org.apache.maven.surefire.booter.SurefireStarter.runSuitesInProcessWhenForked(SurefireStarter.java:107)
	at org.apache.maven.surefire.booter.ForkedBooter.main(ForkedBooter.java:68)
Caused by: br.com.sanger.servico.excecoes.ServicoException: Exception [EclipseLink-4002] (Eclipse Persistence Services - 2.3.2.v20111125-r10461): org.eclipse.persistence.exceptions.DatabaseException
Internal Exception: java.sql.BatchUpdateException: Table &apos;sanger.endereco&apos; doesn&apos;t exist
Error Code: 1146
Query: ValueReadQuery(name=&quot;SEQ_GEN_IDENTITY&quot; sql=&quot;SELECT LAST_INSERT_ID()&quot;)
	at br.com.sanger.servico.GenericService.salvar(GenericService.java:51)
	at br.com.sanger.servico.funcionarios.impl.AutonomoService.salvar(AutonomoService.java:26)
	... 30 more
Caused by: javax.persistence.RollbackException: Exception [EclipseLink-4002] (Eclipse Persistence Services - 2.3.2.v20111125-r10461): org.eclipse.persistence.exceptions.DatabaseException
Internal Exception: java.sql.BatchUpdateException: Table &apos;sanger.endereco&apos; doesn&apos;t exist
Error Code: 1146
Query: ValueReadQuery(name=&quot;SEQ_GEN_IDENTITY&quot; sql=&quot;SELECT LAST_INSERT_ID()&quot;)
	at org.eclipse.persistence.internal.jpa.transaction.EntityTransactionImpl.commitInternal(EntityTransactionImpl.java:102)
	at org.eclipse.persistence.internal.jpa.transaction.EntityTransactionImpl.commit(EntityTransactionImpl.java:63)
	at br.com.sanger.repositorio.AbstractRepository.criar(AbstractRepository.java:37)
	at br.com.sanger.servico.GenericService.salvar(GenericService.java:45)
	... 31 more
Caused by: Exception [EclipseLink-4002] (Eclipse Persistence Services - 2.3.2.v20111125-r10461): org.eclipse.persistence.exceptions.DatabaseException
Internal Exception: java.sql.BatchUpdateException: Table &apos;sanger.endereco&apos; doesn&apos;t exist
Error Code: 1146
Query: ValueReadQuery(name=&quot;SEQ_GEN_IDENTITY&quot; sql=&quot;SELECT LAST_INSERT_ID()&quot;)
	at org.eclipse.persistence.exceptions.DatabaseException.sqlException(DatabaseException.java:324)
	at org.eclipse.persistence.internal.databaseaccess.DatabaseAccessor.executeJDK12BatchStatement(DatabaseAccessor.java:873)
	at org.eclipse.persistence.internal.databaseaccess.ParameterizedSQLBatchWritingMechanism.executeBatchedStatements(ParameterizedSQLBatchWritingMechanism.java:144)
	at org.eclipse.persistence.internal.databaseaccess.DatabaseAccessor.basicExecuteCall(DatabaseAccessor.java:574)
	at org.eclipse.persistence.internal.databaseaccess.DatabaseAccessor.executeCall(DatabaseAccessor.java:535)
	at org.eclipse.persistence.internal.sessions.AbstractSession.basicExecuteCall(AbstractSession.java:1717)
	at org.eclipse.persistence.sessions.server.ClientSession.executeCall(ClientSession.java:253)
	at org.eclipse.persistence.internal.queries.DatasourceCallQueryMechanism.executeCall(DatasourceCallQueryMechanism.java:207)
	at org.eclipse.persistence.internal.queries.DatasourceCallQueryMechanism.executeCall(DatasourceCallQueryMechanism.java:193)
	at org.eclipse.persistence.internal.queries.DatasourceCallQueryMechanism.executeSelectCall(DatasourceCallQueryMechanism.java:264)
	at org.eclipse.persistence.internal.queries.DatasourceCallQueryMechanism.executeSelect(DatasourceCallQueryMechanism.java:246)
	at org.eclipse.persistence.queries.DataReadQuery.executeNonCursor(DataReadQuery.java:197)
	at org.eclipse.persistence.queries.DataReadQuery.executeDatabaseQuery(DataReadQuery.java:152)
	at org.eclipse.persistence.queries.DatabaseQuery.execute(DatabaseQuery.java:844)
	at org.eclipse.persistence.queries.DataReadQuery.execute(DataReadQuery.java:137)
	at org.eclipse.persistence.internal.sessions.AbstractSession.internalExecuteQuery(AbstractSession.java:2831)
	at org.eclipse.persistence.internal.sessions.AbstractSession.executeQuery(AbstractSession.java:1516)
	at org.eclipse.persistence.internal.sessions.AbstractSession.executeQuery(AbstractSession.java:1498)
	at org.eclipse.persistence.internal.sessions.AbstractSession.executeQuery(AbstractSession.java:1449)
	at org.eclipse.persistence.sequencing.QuerySequence.select(QuerySequence.java:309)
	at org.eclipse.persistence.sequencing.QuerySequence.updateAndSelectSequence(QuerySequence.java:254)
	at org.eclipse.persistence.sequencing.StandardSequence.getGeneratedValue(StandardSequence.java:61)
	at org.eclipse.persistence.sequencing.Sequence.getGeneratedValue(Sequence.java:225)
	at org.eclipse.persistence.internal.sequencing.SequencingManager$NoPreallocation_State.getNextValue(SequencingManager.java:677)
	at org.eclipse.persistence.internal.sequencing.SequencingManager.getNextValue(SequencingManager.java:1067)
	at org.eclipse.persistence.internal.sequencing.ClientSessionSequencing.getNextValue(ClientSessionSequencing.java:70)
	at org.eclipse.persistence.internal.descriptors.ObjectBuilder.assignSequenceNumber(ObjectBuilder.java:349)
	at org.eclipse.persistence.internal.descriptors.ObjectBuilder.assignSequenceNumber(ObjectBuilder.java:322)
	at org.eclipse.persistence.internal.queries.DatabaseQueryMechanism.updateObjectAndRowWithSequenceNumber(DatabaseQueryMechanism.java:841)
	at org.eclipse.persistence.internal.queries.DatasourceCallQueryMechanism.insertObject(DatasourceCallQueryMechanism.java:351)
	at org.eclipse.persistence.internal.queries.StatementQueryMechanism.insertObject(StatementQueryMechanism.java:162)
	at org.eclipse.persistence.internal.queries.StatementQueryMechanism.insertObject(StatementQueryMechanism.java:177)
	at org.eclipse.persistence.internal.queries.DatabaseQueryMechanism.insertObjectForWrite(DatabaseQueryMechanism.java:472)
	at org.eclipse.persistence.queries.InsertObjectQuery.executeCommit(InsertObjectQuery.java:80)
	at org.eclipse.persistence.queries.InsertObjectQuery.executeCommitWithChangeSet(InsertObjectQuery.java:90)
	at org.eclipse.persistence.internal.queries.DatabaseQueryMechanism.executeWriteWithChangeSet(DatabaseQueryMechanism.java:287)
	at org.eclipse.persistence.queries.WriteObjectQuery.executeDatabaseQuery(WriteObjectQuery.java:58)
	at org.eclipse.persistence.queries.DatabaseQuery.execute(DatabaseQuery.java:844)
	at org.eclipse.persistence.queries.DatabaseQuery.executeInUnitOfWork(DatabaseQuery.java:743)
	at org.eclipse.persistence.queries.ObjectLevelModifyQuery.executeInUnitOfWorkObjectLevelModifyQuery(ObjectLevelModifyQuery.java:108)
	at org.eclipse.persistence.queries.ObjectLevelModifyQuery.executeInUnitOfWork(ObjectLevelModifyQuery.java:85)
	at org.eclipse.persistence.internal.sessions.UnitOfWorkImpl.internalExecuteQuery(UnitOfWorkImpl.java:2871)
	at org.eclipse.persistence.internal.sessions.AbstractSession.executeQuery(AbstractSession.java:1516)
	at org.eclipse.persistence.internal.sessions.AbstractSession.executeQuery(AbstractSession.java:1498)
	at org.eclipse.persistence.internal.sessions.AbstractSession.executeQuery(AbstractSession.java:1449)
	at org.eclipse.persistence.internal.sessions.CommitManager.commitNewObjectsForClassWithChangeSet(CommitManager.java:224)
	at org.eclipse.persistence.internal.sessions.CommitManager.commitAllObjectsForClassWithChangeSet(CommitManager.java:191)
	at org.eclipse.persistence.internal.sessions.CommitManager.commitAllObjectsWithChangeSet(CommitManager.java:136)
	at org.eclipse.persistence.internal.sessions.AbstractSession.writeAllObjectsWithChangeSet(AbstractSession.java:3799)
	at org.eclipse.persistence.internal.sessions.UnitOfWorkImpl.commitToDatabase(UnitOfWorkImpl.java:1415)
	at org.eclipse.persistence.internal.sessions.RepeatableWriteUnitOfWork.commitToDatabase(RepeatableWriteUnitOfWork.java:636)
	at org.eclipse.persistence.internal.sessions.UnitOfWorkImpl.commitToDatabaseWithChangeSet(UnitOfWorkImpl.java:1505)
	at org.eclipse.persistence.internal.sessions.RepeatableWriteUnitOfWork.commitRootUnitOfWork(RepeatableWriteUnitOfWork.java:267)
	at org.eclipse.persistence.internal.sessions.UnitOfWorkImpl.commitAndResume(UnitOfWorkImpl.java:1143)
	at org.eclipse.persistence.internal.jpa.transaction.EntityTransactionImpl.commitInternal(EntityTransactionImpl.java:84)
	... 34 more
Caused by: java.sql.BatchUpdateException: Table &apos;sanger.endereco&apos; doesn&apos;t exist
	at com.mysql.jdbc.PreparedStatement.executeBatchSerially(PreparedStatement.java:2054)
	at com.mysql.jdbc.PreparedStatement.executeBatch(PreparedStatement.java:1467)
	at org.eclipse.persistence.platform.database.MySQLPlatform.executeBatch(MySQLPlatform.java:202)
	at org.eclipse.persistence.internal.databaseaccess.DatabaseAccessor.executeJDK12BatchStatement(DatabaseAccessor.java:860)
	... 87 more
Caused by: com.mysql.jdbc.exceptions.jdbc4.MySQLSyntaxErrorException: Table &apos;sanger.endereco&apos; doesn&apos;t exist
	at sun.reflect.NativeConstructorAccessorImpl.newInstance0(Native Method)
	at sun.reflect.NativeConstructorAccessorImpl.newInstance(NativeConstructorAccessorImpl.java:39)
	at sun.reflect.DelegatingConstructorAccessorImpl.newInstance(DelegatingConstructorAccessorImpl.java:27)
	at java.lang.reflect.Constructor.newInstance(Constructor.java:513)
	at com.mysql.jdbc.Util.handleNewInstance(Util.java:411)
	at com.mysql.jdbc.Util.getInstance(Util.java:386)
	at com.mysql.jdbc.SQLError.createSQLException(SQLError.java:1054)
	at com.mysql.jdbc.MysqlIO.checkErrorPacket(MysqlIO.java:4187)
	at com.mysql.jdbc.MysqlIO.checkErrorPacket(MysqlIO.java:4119)
	at com.mysql.jdbc.MysqlIO.sendCommand(MysqlIO.java:2570)
	at com.mysql.jdbc.MysqlIO.sqlQueryDirect(MysqlIO.java:2731)
	at com.mysql.jdbc.ConnectionImpl.execSQL(ConnectionImpl.java:2815)
	at com.mysql.jdbc.PreparedStatement.executeInternal(PreparedStatement.java:2155)
	at com.mysql.jdbc.PreparedStatement.executeUpdate(PreparedStatement.java:2458)
	at com.mysql.jdbc.PreparedStatement.executeBatchSerially(PreparedStatement.java:2006)
	... 90 more
</error>
    <system-out>salvar
[EL Warning]: 2013-05-29 18:14:16.904--ClientSession(25442933)--Exception [EclipseLink-4002] (Eclipse Persistence Services - 2.3.2.v20111125-r10461): org.eclipse.persistence.exceptions.DatabaseException
Internal Exception: java.sql.BatchUpdateException: Table &apos;sanger.endereco&apos; doesn&apos;t exist
Error Code: 1146
Query: ValueReadQuery(name=&quot;SEQ_GEN_IDENTITY&quot; sql=&quot;SELECT LAST_INSERT_ID()&quot;)
</system-out>
  </testcase>
  <testcase time="0.025" classname="br.com.sanger.servico.funcionarios.impl.AutonomoServiceTest" name="testEditar">
    <error message="
Internal Exception: com.mysql.jdbc.exceptions.jdbc4.MySQLSyntaxErrorException: Table &apos;sanger.funcionario&apos; doesn&apos;t exist
Error Code: 1146
Call: SELECT ID, DTYPE, IDENTIDADE, TELEFONE_COMERCIAL, TELEFONE_MOVEL, TELEFONE_RESIDENCIAL, ENDERECO_ID, ADMISSAO, CPF, DEMISSAO, DESCRICAO, NOME FROM FUNCIONARIO WHERE (DTYPE = ?)
	bind =&gt; [1 parameter bound]
Query: ReadAllQuery(referenceClass=Autonomo sql=&quot;SELECT ID, DTYPE, IDENTIDADE, TELEFONE_COMERCIAL, TELEFONE_MOVEL, TELEFONE_RESIDENCIAL, ENDERECO_ID, ADMISSAO, CPF, DEMISSAO, DESCRICAO, NOME FROM FUNCIONARIO WHERE (DTYPE = ?)&quot;)" type="Local Exception Stack">Local Exception Stack: 
Exception [EclipseLink-4002] (Eclipse Persistence Services - 2.3.2.v20111125-r10461): org.eclipse.persistence.exceptions.DatabaseException
Internal Exception: com.mysql.jdbc.exceptions.jdbc4.MySQLSyntaxErrorException: Table &apos;sanger.funcionario&apos; doesn&apos;t exist
Error Code: 1146
Call: SELECT ID, DTYPE, IDENTIDADE, TELEFONE_COMERCIAL, TELEFONE_MOVEL, TELEFONE_RESIDENCIAL, ENDERECO_ID, ADMISSAO, CPF, DEMISSAO, DESCRICAO, NOME FROM FUNCIONARIO WHERE (DTYPE = ?)
	bind =&gt; [1 parameter bound]
Query: ReadAllQuery(referenceClass=Autonomo sql=&quot;SELECT ID, DTYPE, IDENTIDADE, TELEFONE_COMERCIAL, TELEFONE_MOVEL, TELEFONE_RESIDENCIAL, ENDERECO_ID, ADMISSAO, CPF, DEMISSAO, DESCRICAO, NOME FROM FUNCIONARIO WHERE (DTYPE = ?)&quot;)
	at org.eclipse.persistence.exceptions.DatabaseException.sqlException(DatabaseException.java:333)
	at org.eclipse.persistence.internal.databaseaccess.DatabaseAccessor.basicExecuteCall(DatabaseAccessor.java:644)
	at org.eclipse.persistence.internal.databaseaccess.DatabaseAccessor.executeCall(DatabaseAccessor.java:535)
	at org.eclipse.persistence.internal.sessions.AbstractSession.basicExecuteCall(AbstractSession.java:1717)
	at org.eclipse.persistence.sessions.server.ServerSession.executeCall(ServerSession.java:566)
	at org.eclipse.persistence.sessions.server.ClientSession.executeCall(ClientSession.java:207)
	at org.eclipse.persistence.internal.queries.DatasourceCallQueryMechanism.executeCall(DatasourceCallQueryMechanism.java:207)
	at org.eclipse.persistence.internal.queries.DatasourceCallQueryMechanism.executeCall(DatasourceCallQueryMechanism.java:193)
	at org.eclipse.persistence.internal.queries.DatasourceCallQueryMechanism.executeSelectCall(DatasourceCallQueryMechanism.java:264)
	at org.eclipse.persistence.internal.queries.DatasourceCallQueryMechanism.selectAllRows(DatasourceCallQueryMechanism.java:646)
	at org.eclipse.persistence.internal.queries.ExpressionQueryMechanism.selectAllRowsFromTable(ExpressionQueryMechanism.java:2611)
	at org.eclipse.persistence.internal.queries.ExpressionQueryMechanism.selectAllRows(ExpressionQueryMechanism.java:2570)
	at org.eclipse.persistence.queries.ReadAllQuery.executeObjectLevelReadQuery(ReadAllQuery.java:420)
	at org.eclipse.persistence.queries.ObjectLevelReadQuery.executeDatabaseQuery(ObjectLevelReadQuery.java:1081)
	at org.eclipse.persistence.queries.DatabaseQuery.execute(DatabaseQuery.java:844)
	at org.eclipse.persistence.queries.ObjectLevelReadQuery.execute(ObjectLevelReadQuery.java:1040)
	at org.eclipse.persistence.queries.ReadAllQuery.execute(ReadAllQuery.java:392)
	at org.eclipse.persistence.queries.ObjectLevelReadQuery.executeInUnitOfWork(ObjectLevelReadQuery.java:1128)
	at org.eclipse.persistence.internal.sessions.UnitOfWorkImpl.internalExecuteQuery(UnitOfWorkImpl.java:2871)
	at org.eclipse.persistence.internal.sessions.AbstractSession.executeQuery(AbstractSession.java:1516)
	at org.eclipse.persistence.internal.sessions.AbstractSession.executeQuery(AbstractSession.java:1498)
	at org.eclipse.persistence.internal.sessions.AbstractSession.executeQuery(AbstractSession.java:1463)
	at org.eclipse.persistence.internal.jpa.EJBQueryImpl.executeReadQuery(EJBQueryImpl.java:485)
	at org.eclipse.persistence.internal.jpa.EJBQueryImpl.getResultList(EJBQueryImpl.java:742)
	at br.com.sanger.repositorio.AbstractRepository.listar(AbstractRepository.java:60)
	at br.com.sanger.servico.GenericService.listar(GenericService.java:26)
	at br.com.sanger.servico.funcionarios.impl.AutonomoServiceTest.testEditar(AutonomoServiceTest.java:39)
	at sun.reflect.NativeMethodAccessorImpl.invoke0(Native Method)
	at sun.reflect.NativeMethodAccessorImpl.invoke(NativeMethodAccessorImpl.java:39)
	at sun.reflect.DelegatingMethodAccessorImpl.invoke(DelegatingMethodAccessorImpl.java:25)
	at java.lang.reflect.Method.invoke(Method.java:597)
	at org.junit.runners.model.FrameworkMethod$1.runReflectiveCall(FrameworkMethod.java:45)
	at org.junit.internal.runners.model.ReflectiveCallable.run(ReflectiveCallable.java:15)
	at org.junit.runners.model.FrameworkMethod.invokeExplosively(FrameworkMethod.java:42)
	at org.junit.internal.runners.statements.InvokeMethod.evaluate(InvokeMethod.java:20)
	at org.junit.runners.ParentRunner.runLeaf(ParentRunner.java:263)
	at org.junit.runners.BlockJUnit4ClassRunner.runChild(BlockJUnit4ClassRunner.java:68)
	at org.junit.runners.BlockJUnit4ClassRunner.runChild(BlockJUnit4ClassRunner.java:47)
	at org.junit.runners.ParentRunner$3.run(ParentRunner.java:231)
	at org.junit.runners.ParentRunner$1.schedule(ParentRunner.java:60)
	at org.junit.runners.ParentRunner.runChildren(ParentRunner.java:229)
	at org.junit.runners.ParentRunner.access$000(ParentRunner.java:50)
	at org.junit.runners.ParentRunner$2.evaluate(ParentRunner.java:222)
	at org.junit.runners.ParentRunner.run(ParentRunner.java:300)
	at org.apache.maven.surefire.junit4.JUnit4TestSet.execute(JUnit4TestSet.java:53)
	at org.apache.maven.surefire.junit4.JUnit4Provider.executeTestSet(JUnit4Provider.java:123)
	at org.apache.maven.surefire.junit4.JUnit4Provider.invoke(JUnit4Provider.java:104)
	at sun.reflect.NativeMethodAccessorImpl.invoke0(Native Method)
	at sun.reflect.NativeMethodAccessorImpl.invoke(NativeMethodAccessorImpl.java:39)
	at sun.reflect.DelegatingMethodAccessorImpl.invoke(DelegatingMethodAccessorImpl.java:25)
	at java.lang.reflect.Method.invoke(Method.java:597)
	at org.apache.maven.surefire.util.ReflectionUtils.invokeMethodWithArray(ReflectionUtils.java:164)
	at org.apache.maven.surefire.booter.ProviderFactory$ProviderProxy.invoke(ProviderFactory.java:110)
	at org.apache.maven.surefire.booter.SurefireStarter.invokeProvider(SurefireStarter.java:175)
	at org.apache.maven.surefire.booter.SurefireStarter.runSuitesInProcessWhenForked(SurefireStarter.java:107)
	at org.apache.maven.surefire.booter.ForkedBooter.main(ForkedBooter.java:68)
Caused by: com.mysql.jdbc.exceptions.jdbc4.MySQLSyntaxErrorException: Table &apos;sanger.funcionario&apos; doesn&apos;t exist
	at sun.reflect.NativeConstructorAccessorImpl.newInstance0(Native Method)
	at sun.reflect.NativeConstructorAccessorImpl.newInstance(NativeConstructorAccessorImpl.java:39)
	at sun.reflect.DelegatingConstructorAccessorImpl.newInstance(DelegatingConstructorAccessorImpl.java:27)
	at java.lang.reflect.Constructor.newInstance(Constructor.java:513)
	at com.mysql.jdbc.Util.handleNewInstance(Util.java:411)
	at com.mysql.jdbc.Util.getInstance(Util.java:386)
	at com.mysql.jdbc.SQLError.createSQLException(SQLError.java:1054)
	at com.mysql.jdbc.MysqlIO.checkErrorPacket(MysqlIO.java:4187)
	at com.mysql.jdbc.MysqlIO.checkErrorPacket(MysqlIO.java:4119)
	at com.mysql.jdbc.MysqlIO.sendCommand(MysqlIO.java:2570)
	at com.mysql.jdbc.MysqlIO.sqlQueryDirect(MysqlIO.java:2731)
	at com.mysql.jdbc.ConnectionImpl.execSQL(ConnectionImpl.java:2815)
	at com.mysql.jdbc.PreparedStatement.executeInternal(PreparedStatement.java:2155)
	at com.mysql.jdbc.PreparedStatement.executeQuery(PreparedStatement.java:2322)
	at org.eclipse.persistence.internal.databaseaccess.DatabaseAccessor.executeSelect(DatabaseAccessor.java:931)
	at org.eclipse.persistence.internal.databaseaccess.DatabaseAccessor.basicExecuteCall(DatabaseAccessor.java:607)
	... 54 more
</error>
    <system-out>editar
[EL Warning]: 2013-05-29 18:14:16.931--UnitOfWork(9708927)--Exception [EclipseLink-4002] (Eclipse Persistence Services - 2.3.2.v20111125-r10461): org.eclipse.persistence.exceptions.DatabaseException
Internal Exception: com.mysql.jdbc.exceptions.jdbc4.MySQLSyntaxErrorException: Table &apos;sanger.funcionario&apos; doesn&apos;t exist
Error Code: 1146
Call: SELECT ID, DTYPE, IDENTIDADE, TELEFONE_COMERCIAL, TELEFONE_MOVEL, TELEFONE_RESIDENCIAL, ENDERECO_ID, ADMISSAO, CPF, DEMISSAO, DESCRICAO, NOME FROM FUNCIONARIO WHERE (DTYPE = ?)
	bind =&gt; [1 parameter bound]
Query: ReadAllQuery(referenceClass=Autonomo sql=&quot;SELECT ID, DTYPE, IDENTIDADE, TELEFONE_COMERCIAL, TELEFONE_MOVEL, TELEFONE_RESIDENCIAL, ENDERECO_ID, ADMISSAO, CPF, DEMISSAO, DESCRICAO, NOME FROM FUNCIONARIO WHERE (DTYPE = ?)&quot;)
</system-out>
  </testcase>
  <testcase time="0.026" classname="br.com.sanger.servico.funcionarios.impl.AutonomoServiceTest" name="testListar">
    <error message="
Internal Exception: com.mysql.jdbc.exceptions.jdbc4.MySQLSyntaxErrorException: Table &apos;sanger.funcionario&apos; doesn&apos;t exist
Error Code: 1146
Call: SELECT ID, DTYPE, IDENTIDADE, TELEFONE_COMERCIAL, TELEFONE_MOVEL, TELEFONE_RESIDENCIAL, ENDERECO_ID, ADMISSAO, CPF, DEMISSAO, DESCRICAO, NOME FROM FUNCIONARIO WHERE (DTYPE = ?)
	bind =&gt; [1 parameter bound]
Query: ReadAllQuery(referenceClass=Autonomo sql=&quot;SELECT ID, DTYPE, IDENTIDADE, TELEFONE_COMERCIAL, TELEFONE_MOVEL, TELEFONE_RESIDENCIAL, ENDERECO_ID, ADMISSAO, CPF, DEMISSAO, DESCRICAO, NOME FROM FUNCIONARIO WHERE (DTYPE = ?)&quot;)" type="Local Exception Stack">Local Exception Stack: 
Exception [EclipseLink-4002] (Eclipse Persistence Services - 2.3.2.v20111125-r10461): org.eclipse.persistence.exceptions.DatabaseException
Internal Exception: com.mysql.jdbc.exceptions.jdbc4.MySQLSyntaxErrorException: Table &apos;sanger.funcionario&apos; doesn&apos;t exist
Error Code: 1146
Call: SELECT ID, DTYPE, IDENTIDADE, TELEFONE_COMERCIAL, TELEFONE_MOVEL, TELEFONE_RESIDENCIAL, ENDERECO_ID, ADMISSAO, CPF, DEMISSAO, DESCRICAO, NOME FROM FUNCIONARIO WHERE (DTYPE = ?)
	bind =&gt; [1 parameter bound]
Query: ReadAllQuery(referenceClass=Autonomo sql=&quot;SELECT ID, DTYPE, IDENTIDADE, TELEFONE_COMERCIAL, TELEFONE_MOVEL, TELEFONE_RESIDENCIAL, ENDERECO_ID, ADMISSAO, CPF, DEMISSAO, DESCRICAO, NOME FROM FUNCIONARIO WHERE (DTYPE = ?)&quot;)
	at org.eclipse.persistence.exceptions.DatabaseException.sqlException(DatabaseException.java:333)
	at org.eclipse.persistence.internal.databaseaccess.DatabaseAccessor.basicExecuteCall(DatabaseAccessor.java:644)
	at org.eclipse.persistence.internal.databaseaccess.DatabaseAccessor.executeCall(DatabaseAccessor.java:535)
	at org.eclipse.persistence.internal.sessions.AbstractSession.basicExecuteCall(AbstractSession.java:1717)
	at org.eclipse.persistence.sessions.server.ServerSession.executeCall(ServerSession.java:566)
	at org.eclipse.persistence.sessions.server.ClientSession.executeCall(ClientSession.java:207)
	at org.eclipse.persistence.internal.queries.DatasourceCallQueryMechanism.executeCall(DatasourceCallQueryMechanism.java:207)
	at org.eclipse.persistence.internal.queries.DatasourceCallQueryMechanism.executeCall(DatasourceCallQueryMechanism.java:193)
	at org.eclipse.persistence.internal.queries.DatasourceCallQueryMechanism.executeSelectCall(DatasourceCallQueryMechanism.java:264)
	at org.eclipse.persistence.internal.queries.DatasourceCallQueryMechanism.selectAllRows(DatasourceCallQueryMechanism.java:646)
	at org.eclipse.persistence.internal.queries.ExpressionQueryMechanism.selectAllRowsFromTable(ExpressionQueryMechanism.java:2611)
	at org.eclipse.persistence.internal.queries.ExpressionQueryMechanism.selectAllRows(ExpressionQueryMechanism.java:2570)
	at org.eclipse.persistence.queries.ReadAllQuery.executeObjectLevelReadQuery(ReadAllQuery.java:420)
	at org.eclipse.persistence.queries.ObjectLevelReadQuery.executeDatabaseQuery(ObjectLevelReadQuery.java:1081)
	at org.eclipse.persistence.queries.DatabaseQuery.execute(DatabaseQuery.java:844)
	at org.eclipse.persistence.queries.ObjectLevelReadQuery.execute(ObjectLevelReadQuery.java:1040)
	at org.eclipse.persistence.queries.ReadAllQuery.execute(ReadAllQuery.java:392)
	at org.eclipse.persistence.queries.ObjectLevelReadQuery.executeInUnitOfWork(ObjectLevelReadQuery.java:1128)
	at org.eclipse.persistence.internal.sessions.UnitOfWorkImpl.internalExecuteQuery(UnitOfWorkImpl.java:2871)
	at org.eclipse.persistence.internal.sessions.AbstractSession.executeQuery(AbstractSession.java:1516)
	at org.eclipse.persistence.internal.sessions.AbstractSession.executeQuery(AbstractSession.java:1498)
	at org.eclipse.persistence.internal.sessions.AbstractSession.executeQuery(AbstractSession.java:1463)
	at org.eclipse.persistence.internal.jpa.EJBQueryImpl.executeReadQuery(EJBQueryImpl.java:485)
	at org.eclipse.persistence.internal.jpa.EJBQueryImpl.getResultList(EJBQueryImpl.java:742)
	at br.com.sanger.repositorio.AbstractRepository.listar(AbstractRepository.java:60)
	at br.com.sanger.servico.GenericService.listar(GenericService.java:26)
	at br.com.sanger.servico.funcionarios.impl.AutonomoServiceTest.testListar(AutonomoServiceTest.java:54)
	at sun.reflect.NativeMethodAccessorImpl.invoke0(Native Method)
	at sun.reflect.NativeMethodAccessorImpl.invoke(NativeMethodAccessorImpl.java:39)
	at sun.reflect.DelegatingMethodAccessorImpl.invoke(DelegatingMethodAccessorImpl.java:25)
	at java.lang.reflect.Method.invoke(Method.java:597)
	at org.junit.runners.model.FrameworkMethod$1.runReflectiveCall(FrameworkMethod.java:45)
	at org.junit.internal.runners.model.ReflectiveCallable.run(ReflectiveCallable.java:15)
	at org.junit.runners.model.FrameworkMethod.invokeExplosively(FrameworkMethod.java:42)
	at org.junit.internal.runners.statements.InvokeMethod.evaluate(InvokeMethod.java:20)
	at org.junit.runners.ParentRunner.runLeaf(ParentRunner.java:263)
	at org.junit.runners.BlockJUnit4ClassRunner.runChild(BlockJUnit4ClassRunner.java:68)
	at org.junit.runners.BlockJUnit4ClassRunner.runChild(BlockJUnit4ClassRunner.java:47)
	at org.junit.runners.ParentRunner$3.run(ParentRunner.java:231)
	at org.junit.runners.ParentRunner$1.schedule(ParentRunner.java:60)
	at org.junit.runners.ParentRunner.runChildren(ParentRunner.java:229)
	at org.junit.runners.ParentRunner.access$000(ParentRunner.java:50)
	at org.junit.runners.ParentRunner$2.evaluate(ParentRunner.java:222)
	at org.junit.runners.ParentRunner.run(ParentRunner.java:300)
	at org.apache.maven.surefire.junit4.JUnit4TestSet.execute(JUnit4TestSet.java:53)
	at org.apache.maven.surefire.junit4.JUnit4Provider.executeTestSet(JUnit4Provider.java:123)
	at org.apache.maven.surefire.junit4.JUnit4Provider.invoke(JUnit4Provider.java:104)
	at sun.reflect.NativeMethodAccessorImpl.invoke0(Native Method)
	at sun.reflect.NativeMethodAccessorImpl.invoke(NativeMethodAccessorImpl.java:39)
	at sun.reflect.DelegatingMethodAccessorImpl.invoke(DelegatingMethodAccessorImpl.java:25)
	at java.lang.reflect.Method.invoke(Method.java:597)
	at org.apache.maven.surefire.util.ReflectionUtils.invokeMethodWithArray(ReflectionUtils.java:164)
	at org.apache.maven.surefire.booter.ProviderFactory$ProviderProxy.invoke(ProviderFactory.java:110)
	at org.apache.maven.surefire.booter.SurefireStarter.invokeProvider(SurefireStarter.java:175)
	at org.apache.maven.surefire.booter.SurefireStarter.runSuitesInProcessWhenForked(SurefireStarter.java:107)
	at org.apache.maven.surefire.booter.ForkedBooter.main(ForkedBooter.java:68)
Caused by: com.mysql.jdbc.exceptions.jdbc4.MySQLSyntaxErrorException: Table &apos;sanger.funcionario&apos; doesn&apos;t exist
	at sun.reflect.NativeConstructorAccessorImpl.newInstance0(Native Method)
	at sun.reflect.NativeConstructorAccessorImpl.newInstance(NativeConstructorAccessorImpl.java:39)
	at sun.reflect.DelegatingConstructorAccessorImpl.newInstance(DelegatingConstructorAccessorImpl.java:27)
	at java.lang.reflect.Constructor.newInstance(Constructor.java:513)
	at com.mysql.jdbc.Util.handleNewInstance(Util.java:411)
	at com.mysql.jdbc.Util.getInstance(Util.java:386)
	at com.mysql.jdbc.SQLError.createSQLException(SQLError.java:1054)
	at com.mysql.jdbc.MysqlIO.checkErrorPacket(MysqlIO.java:4187)
	at com.mysql.jdbc.MysqlIO.checkErrorPacket(MysqlIO.java:4119)
	at com.mysql.jdbc.MysqlIO.sendCommand(MysqlIO.java:2570)
	at com.mysql.jdbc.MysqlIO.sqlQueryDirect(MysqlIO.java:2731)
	at com.mysql.jdbc.ConnectionImpl.execSQL(ConnectionImpl.java:2815)
	at com.mysql.jdbc.PreparedStatement.executeInternal(PreparedStatement.java:2155)
	at com.mysql.jdbc.PreparedStatement.executeQuery(PreparedStatement.java:2322)
	at org.eclipse.persistence.internal.databaseaccess.DatabaseAccessor.executeSelect(DatabaseAccessor.java:931)
	at org.eclipse.persistence.internal.databaseaccess.DatabaseAccessor.basicExecuteCall(DatabaseAccessor.java:607)
	... 54 more
</error>
    <system-out>listar
[EL Warning]: 2013-05-29 18:14:16.956--UnitOfWork(22450101)--Exception [EclipseLink-4002] (Eclipse Persistence Services - 2.3.2.v20111125-r10461): org.eclipse.persistence.exceptions.DatabaseException
Internal Exception: com.mysql.jdbc.exceptions.jdbc4.MySQLSyntaxErrorException: Table &apos;sanger.funcionario&apos; doesn&apos;t exist
Error Code: 1146
Call: SELECT ID, DTYPE, IDENTIDADE, TELEFONE_COMERCIAL, TELEFONE_MOVEL, TELEFONE_RESIDENCIAL, ENDERECO_ID, ADMISSAO, CPF, DEMISSAO, DESCRICAO, NOME FROM FUNCIONARIO WHERE (DTYPE = ?)
	bind =&gt; [1 parameter bound]
Query: ReadAllQuery(referenceClass=Autonomo sql=&quot;SELECT ID, DTYPE, IDENTIDADE, TELEFONE_COMERCIAL, TELEFONE_MOVEL, TELEFONE_RESIDENCIAL, ENDERECO_ID, ADMISSAO, CPF, DEMISSAO, DESCRICAO, NOME FROM FUNCIONARIO WHERE (DTYPE = ?)&quot;)
</system-out>
  </testcase>
</testsuite>